\BOOKMARK [0][-]{chapter*.1}{\376\377\201\364\214\042}{}% 1
\BOOKMARK [0][-]{chapter*.2}{\376\377\144\130\211\201}{}% 2
\BOOKMARK [0][-]{chapter*.3}{\376\377\000A\000b\000s\000t\000r\000a\000c\000t}{}% 3
\BOOKMARK [0][-]{chapter*.4}{\376\377\143\322\000\040\000\040\126\376}{}% 4
\BOOKMARK [0][-]{chapter*.5}{\376\377\210\150\000\040\000\040\150\074}{}% 5
\BOOKMARK [0][-]{chapter*.6}{\376\377\166\356\000\040\000\040\153\041}{}% 6
\BOOKMARK [0][-]{chapter.1}{\376\377\0001\000\040\000\040\176\352\213\272}{}% 7
\BOOKMARK [1][-]{section.1.1}{\376\377\0001\000.\0001\000\040\226\306\142\020\121\111\133\146\173\200\116\313}{chapter.1}% 8
\BOOKMARK [1][-]{section.1.2}{\376\377\0001\000.\0002\000\040\170\105\127\372\121\111\165\065\133\120\226\306\142\020\142\200\147\057}{chapter.1}% 9
\BOOKMARK [1][-]{section.1.3}{\376\377\0001\000.\0003\000\040\170\105\127\372\000I\000I\000I\000-\000V\155\367\124\010\226\306\142\020\000D\000F\000B\157\300\121\111\126\150}{chapter.1}% 10
\BOOKMARK [1][-]{section.1.4}{\376\377\0001\000.\0004\000\040\000D\000F\000B\157\300\121\111\126\150\166\204\136\224\165\050}{chapter.1}% 11
\BOOKMARK [2][-]{subsection.1.4.1}{\376\377\0001\000.\0004\000.\0001\000\040\137\256\154\342\121\111\133\120\230\206\127\337\166\204\136\224\165\050}{section.1.4}% 12
\BOOKMARK [2][-]{subsection.1.4.2}{\376\377\0001\000.\0004\000.\0002\000\040\121\111\116\222\200\124\230\206\127\337\166\204\136\224\165\050}{section.1.4}% 13
\BOOKMARK [2][-]{subsection.1.4.3}{\376\377\0001\000.\0004\000.\0003\000\040\154\024\117\123\150\300\155\113\230\206\127\337\166\204\136\224\165\050}{section.1.4}% 14
\BOOKMARK [1][-]{section.1.5}{\376\377\0001\000.\0005\000\040\213\272\145\207\166\204\116\073\211\201\170\024\172\166\135\345\117\134\124\214\122\033\145\260\160\271}{chapter.1}% 15
\BOOKMARK [2][-]{subsection.1.5.1}{\376\377\0001\000.\0005\000.\0001\000\040\116\073\211\201\121\205\133\271}{section.1.5}% 16
\BOOKMARK [2][-]{subsection.1.5.2}{\376\377\0001\000.\0005\000.\0002\000\040\147\054\213\272\145\207\166\204\116\073\211\201\122\033\145\260\160\271}{section.1.5}% 17
\BOOKMARK [0][-]{chapter.2}{\376\377\0002\000\040\000\040\121\111\154\342\133\374\116\016\000D\000F\000B\157\300\121\111\126\150\166\204\127\372\147\054\164\006\213\272}{}% 18
\BOOKMARK [1][-]{section.2.1}{\376\377\0002\000.\0001\000\040\121\111\154\342\133\374\164\006\213\272\122\006\147\220}{chapter.2}% 19
\BOOKMARK [2][-]{subsection.2.1.1}{\376\377\0002\000.\0001\000.\0001\000\040\154\342\122\250\145\271\172\013}{section.2.1}% 20
\BOOKMARK [1][-]{section.2.2}{\376\377\0002\000.\0002\000\040\121\111\154\342\133\374\166\204\145\160\120\074\213\241\173\227\145\271\154\325}{chapter.2}% 21
\BOOKMARK [2][-]{subsection.2.2.1}{\376\377\0002\000.\0002\000.\0001\000\040\145\366\127\337\147\011\226\120\135\356\122\006\154\325}{section.2.2}% 22
\BOOKMARK [1][-]{section.2.3}{\376\377\0002\000.\0003\000\040\000D\000F\000B\157\300\121\111\126\150\166\204\127\372\147\054\123\237\164\006}{chapter.2}% 23
\BOOKMARK [2][-]{subsection.2.3.1}{\376\377\0002\000.\0003\000.\0001\000\040\220\037\163\207\145\271\172\013}{section.2.3}% 24
\BOOKMARK [2][-]{subsection.2.3.2}{\376\377\0002\000.\0003\000.\0002\000\040\123\112\133\374\117\123\157\300\121\111\126\150\116\055\166\204\137\033\214\153\143\057\203\141}{section.2.3}% 25
\BOOKMARK [2][-]{subsection.2.3.3}{\376\377\0002\000.\0003\000.\0003\000\040\200\046\124\010\152\041\164\006\213\272}{section.2.3}% 26
\BOOKMARK [1][-]{section.2.4}{\376\377\0002\000.\0004\000\040\121\111\133\120\126\150\116\366\127\372\147\054\122\066\117\134\135\345\202\172}{chapter.2}% 27
\BOOKMARK [2][-]{subsection.2.4.1}{\376\377\0002\000.\0004\000.\0001\000\040\000S\000O\000I\202\257\162\107\166\204\156\005\155\027\116\016\123\000\200\366}{section.2.4}% 28
\BOOKMARK [2][-]{subsection.2.4.2}{\376\377\0002\000.\0004\000.\0002\000\040\165\065\133\120\147\137\146\335\121\111}{section.2.4}% 29
\BOOKMARK [2][-]{subsection.2.4.3}{\376\377\0002\000.\0004\000.\0003\000\040\000S\000O\000I\202\257\162\107\122\073\206\200\135\345\202\172}{section.2.4}% 30
\BOOKMARK [1][-]{section.2.5}{\376\377\0002\000.\0005\000\040\147\054\172\340\134\017\176\323}{chapter.2}% 31
\BOOKMARK [0][-]{chapter.3}{\376\377\0003\000\040\000\040\000S\000O\000I\122\073\206\200\116\055\166\204\146\076\202\162\162\171\140\047\170\024\172\166}{}% 32
\BOOKMARK [1][-]{section.3.1}{\376\377\0003\000.\0001\000\040\200\314\146\157\116\313\176\315}{chapter.3}% 33
\BOOKMARK [1][-]{section.3.2}{\376\377\0003\000.\0002\000\040\121\111\136\246\133\146\116\016\202\162\136\246\133\146\127\372\170\100}{chapter.3}% 34
\BOOKMARK [2][-]{subsection.3.2.1}{\376\377\0003\000.\0002\000.\0001\000\040\217\220\134\004\221\317}{section.3.2}% 35
\BOOKMARK [2][-]{subsection.3.2.2}{\376\377\0003\000.\0002\000.\0002\000\040\121\111\133\146\221\317}{section.3.2}% 36
\BOOKMARK [2][-]{subsection.3.2.3}{\376\377\0003\000.\0002\000.\0003\000\040\121\111\133\146\221\317\116\016\217\220\134\004\221\317\116\113\225\364\166\204\121\163\174\373}{section.3.2}% 37
\BOOKMARK [2][-]{subsection.3.2.4}{\376\377\0003\000.\0002\000.\0004\000\040\000C\000I\000E\0001\0009\0003\0001\000-\000R\000G\000B\174\373\176\337}{section.3.2}% 38
\BOOKMARK [2][-]{subsection.3.2.5}{\376\377\0003\000.\0002\000.\0005\000\040\000C\000I\000E\0001\0009\0003\0001\000-\000X\000Y\000Z\174\373\176\337}{section.3.2}% 39
\BOOKMARK [2][-]{subsection.3.2.6}{\376\377\0003\000.\0002\000.\0006\000\040\000C\000I\000E\000-\000X\000Y\000Z\127\120\150\007\217\154\143\142\116\072\000C\000I\000E\000-\000R\000G\000B\127\120\150\007}{section.3.2}% 40
\BOOKMARK [1][-]{section.3.3}{\376\377\0003\000.\0003\000\040\000S\000O\000I\202\162\214\061\126\376\166\204\213\241\173\227}{chapter.3}% 41
\BOOKMARK [1][-]{section.3.4}{\376\377\0003\000.\0004\000\040\230\234\202\162\153\324\217\203\154\325\155\113\133\232\170\105\134\102\123\232\136\246}{chapter.3}% 42
\BOOKMARK [1][-]{section.3.5}{\376\377\0003\000.\0005\000\040\147\054\172\340\134\017\176\323}{chapter.3}% 43
\BOOKMARK [0][-]{chapter.4}{\376\377\0004\000\040\000\040\170\105\127\372\155\367\124\010\226\306\142\020\201\352\201\011\121\262\000D\000F\000B\157\300\121\111\126\150}{}% 44
\BOOKMARK [1][-]{section.4.1}{\376\377\0004\000.\0001\000\040\201\352\201\011\121\262\157\300\121\111\126\150\166\204\123\237\164\006}{chapter.4}% 45
\BOOKMARK [1][-]{section.4.2}{\376\377\0004\000.\0002\000\040\170\105\127\372\000I\000I\000I\000-\000V\155\367\124\010\226\306\142\020\142\200\147\057}{chapter.4}% 46
\BOOKMARK [1][-]{section.4.3}{\376\377\0004\000.\0003\000\040\126\150\116\366\166\204\213\276\213\241}{chapter.4}% 47
\BOOKMARK [1][-]{section.4.4}{\376\377\0004\000.\0004\000\040\122\066\117\134\135\345\202\172}{chapter.4}% 48
\BOOKMARK [1][-]{section.4.5}{\376\377\0004\000.\0005\000\040\201\352\201\011\121\262\157\300\121\111\126\150\166\204\227\131\140\001\140\047\200\375\155\113\213\325}{chapter.4}% 49
\BOOKMARK [2][-]{subsection.4.5.1}{\376\377\0004\000.\0005\000.\0001\000\040\221\321\134\136\165\065\147\201\220\000\160\153}{section.4.5}% 50
\BOOKMARK [2][-]{subsection.4.5.2}{\376\377\0004\000.\0005\000.\0002\000\040\000I\000V\124\214\000P\000V\146\362\176\277}{section.4.5}% 51
\BOOKMARK [1][-]{section.4.6}{\376\377\0004\000.\0006\000\040\201\352\201\011\121\262\157\300\121\111\126\150\166\204\122\250\140\001\214\003\122\066\140\047\200\375}{chapter.4}% 52
\BOOKMARK [2][-]{subsection.4.6.1}{\376\377\0004\000.\0006\000.\0001\000\040\201\352\201\011\121\262\157\300\121\111\126\150\166\204\214\003\122\066\136\046\133\275}{section.4.6}% 53
\BOOKMARK [2][-]{subsection.4.6.2}{\376\377\0004\000.\0006\000.\0002\000\040\201\352\201\011\121\262\157\300\121\111\126\150\166\204\145\160\143\156\117\040\217\223\155\113\213\325}{section.4.6}% 54
\BOOKMARK [1][-]{section.4.7}{\376\377\0004\000.\0007\000\040\147\054\172\340\134\017\176\323}{chapter.4}% 55
\BOOKMARK [0][-]{chapter.5}{\376\377\0005\000\040\000\040\127\372\116\216\123\314\154\342\225\177\143\242\155\113\166\204\154\024\117\123\155\123\136\246\150\300\155\113\174\373\176\337\213\276\213\241}{}% 56
\BOOKMARK [1][-]{section.5.1}{\376\377\0005\000.\0001\000\040\154\024\117\123\155\123\136\246\150\300\155\113\123\237\164\006}{chapter.5}% 57
\BOOKMARK [2][-]{subsection.5.1.1}{\376\377\0005\000.\0001\000.\0001\000\040\000B\000e\000e\000r\000-\000L\000a\000m\000b\000e\000r\000t\133\232\137\213}{section.5.1}% 58
\BOOKMARK [2][-]{subsection.5.1.2}{\376\377\0005\000.\0001\000.\0002\000\040\227\136\202\162\145\143\176\242\131\026\124\070\145\066\121\111\214\061\133\146}{section.5.1}% 59
\BOOKMARK [1][-]{section.5.2}{\376\377\0005\000.\0002\000\040\162\107\116\012\121\111\214\061\116\352\173\200\116\313}{chapter.5}% 60
\BOOKMARK [1][-]{section.5.3}{\376\377\0005\000.\0003\000\040\127\372\116\216\000E\000D\000G\121\111\214\061\116\352\166\204\213\276\213\241\117\030\123\026}{chapter.5}% 61
\BOOKMARK [2][-]{subsection.5.3.1}{\376\377\0005\000.\0003\000.\0001\000\040\217\223\121\372\154\342\133\374\226\065\122\027\166\204\117\030\123\026}{section.5.3}% 62
\BOOKMARK [2][-]{subsection.5.3.2}{\376\377\0005\000.\0003\000.\0002\000\040\123\315\134\004\121\111\150\005\166\204\117\030\123\026}{section.5.3}% 63
\BOOKMARK [1][-]{section.5.4}{\376\377\0005\000.\0004\000\040\170\105\127\372\000E\000D\000G\121\111\214\061\116\352\166\204\135\345\202\172\122\066\117\134}{chapter.5}% 64
\BOOKMARK [2][-]{subsection.5.4.1}{\376\377\0005\000.\0004\000.\0001\000\040\135\345\202\172\153\145\232\244}{section.5.4}% 65
\BOOKMARK [2][-]{subsection.5.4.2}{\376\377\0005\000.\0004\000.\0002\000\040\000E\000B\000L\143\317\217\271\154\325}{section.5.4}% 66
\BOOKMARK [2][-]{subsection.5.4.3}{\376\377\0005\000.\0004\000.\0003\000\040\122\066\117\134\176\323\147\234}{section.5.4}% 67
\BOOKMARK [1][-]{section.5.5}{\376\377\0005\000.\0005\000\040\170\105\127\372\000E\000D\000G\121\111\214\061\116\352\166\204\155\113\213\325}{chapter.5}% 68
\BOOKMARK [2][-]{subsection.5.5.1}{\376\377\0005\000.\0005\000.\0001\000\040\145\340\156\220\127\202\166\364\200\046\124\010\155\113\213\325\174\373\176\337}{section.5.5}% 69
\BOOKMARK [2][-]{subsection.5.5.2}{\376\377\0005\000.\0005\000.\0002\000\040\170\105\127\372\000E\000D\000G\121\111\214\061\116\352\166\204\155\113\213\325\176\323\147\234}{section.5.5}% 70
\BOOKMARK [1][-]{section.5.6}{\376\377\0005\000.\0006\000\040\147\054\172\340\134\017\176\323}{chapter.5}% 71
\BOOKMARK [0][-]{chapter.6}{\376\377\0006\000\040\000\040\140\073\176\323\116\016\134\125\147\033}{}% 72
\BOOKMARK [0][-]{chapter*.102}{\376\377\123\302\200\003\145\207\163\056}{}% 73
\BOOKMARK [0][-]{chapter*.103}{\376\377\117\134\200\005\173\200\123\206}{}% 74
\BOOKMARK [0][-]{chapter*.104}{\376\377\123\321\210\150\145\207\172\340\166\356\137\125}{}% 75
