This is XeTeX, Version 3.14159265-2.6-0.99999 (MiKTeX 2.9.6800 64-bit) (preloaded format=xelatex 2018.9.20)  25 MAR 2019 12:51
entering extended mode
**./Copyright.tex
(Copyright.tex
LaTeX2e <2018-04-01> patch level 5
! Undefined control sequence.
l.4   {\songti
              
The control sequence at the end of the top line
of your error message was never \def'ed. If you have
misspelled it (e.g., `\hobx'), type `I' and the correct
spelling (e.g., `I\hbox'). Otherwise just continue,
and I'll forget about whatever was undefined.

! Undefined control sequence.
l.5   \zihao
            {-4}
The control sequence at the end of the top line
of your error message was never \def'ed. If you have
misspelled it (e.g., `\hobx'), type `I' and the correct
spelling (e.g., `I\hbox'). Otherwise just continue,
and I'll forget about whatever was undefined.


! LaTeX Error: Missing \begin{document}.

See the LaTeX manual or LaTeX Companion for explanation.
Type  H <return>  for immediate help.
 ...                                              
                                                  
l.5   \zihao{-
              4}
You're in trouble here.  Try typing  <return>  to proceed.
If that doesn't work, type  X <return>  to quit.

Missing character: There is no - in font nullfont!
Missing character: There is no 4 in font nullfont!

Overfull \hbox (20.0pt too wide) in paragraph at lines 5--6
[] 
 []


! LaTeX Error: Missing \begin{document}.

See the LaTeX manual or LaTeX Companion for explanation.
Type  H <return>  for immediate help.
 ...                                              
                                                  
l.7   \begin{center}
                    
You're in trouble here.  Try typing  <return>  to proceed.
If that doesn't work, type  X <return>  to quit.


Overfull \hbox (20.0pt too wide) in paragraph at lines 7--7
[] 
 []

! Undefined control sequence.
l.8     {\noindent\songti
                         \zihao{-2}浙江大学研究生学位论文独创性声明}\\
The control sequence at the end of the top line
of your error message was never \def'ed. If you have
misspelled it (e.g., `\hobx'), type `I' and the correct
spelling (e.g., `I\hbox'). Otherwise just continue,
and I'll forget about whatever was undefined.

! Undefined control sequence.
l.8     {\noindent\songti\zihao
                               {-2}浙江大学研究生学位论文独创性声明}\\
The control sequence at the end of the top line
of your error message was never \def'ed. If you have
misspelled it (e.g., `\hobx'), type `I' and the correct
spelling (e.g., `I\hbox'). Otherwise just continue,
and I'll forget about whatever was undefined.

Missing character: There is no - in font nullfont!
Missing character: There is no 2 in font nullfont!
Missing character: There is no 浙 in font nullfont!
Missing character: There is no 江 in font nullfont!
Missing character: There is no 大 in font nullfont!
Missing character: There is no 学 in font nullfont!
Missing character: There is no 研 in font nullfont!
Missing character: There is no 究 in font nullfont!
Missing character: There is no 生 in font nullfont!
Missing character: There is no 学 in font nullfont!
Missing character: There is no 位 in font nullfont!
Missing character: There is no 论 in font nullfont!
Missing character: There is no 文 in font nullfont!
Missing character: There is no 独 in font nullfont!
Missing character: There is no 创 in font nullfont!
Missing character: There is no 性 in font nullfont!
Missing character: There is no 声 in font nullfont!
Missing character: There is no 明 in font nullfont!
Missing character: There is no 本 in font nullfont!
Missing character: There is no 人 in font nullfont!
Missing character: There is no 声 in font nullfont!
Missing character: There is no 明 in font nullfont!
Missing character: There is no 所 in font nullfont!
Missing character: There is no 呈 in font nullfont!
Missing character: There is no 交 in font nullfont!
Missing character: There is no 的 in font nullfont!
Missing character: There is no 学 in font nullfont!
Missing character: There is no 位 in font nullfont!
Missing character: There is no 论 in font nullfont!
Missing character: There is no 文 in font nullfont!
Missing character: There is no 是 in font nullfont!
Missing character: There is no 本 in font nullfont!
Missing character: There is no 人 in font nullfont!
Missing character: There is no 在 in font nullfont!
Missing character: There is no 导 in font nullfont!
Missing character: There is no 师 in font nullfont!
Missing character: There is no 指 in font nullfont!
Missing character: There is no 导 in font nullfont!
Missing character: There is no 下 in font nullfont!
Missing character: There is no 进 in font nullfont!
Missing character: There is no 行 in font nullfont!
Missing character: There is no 的 in font nullfont!
Missing character: There is no 研 in font nullfont!
Missing character: There is no 究 in font nullfont!
Missing character: There is no 工 in font nullfont!
Missing character: There is no 作 in font nullfont!
Missing character: There is no 及 in font nullfont!
Missing character: There is no 取 in font nullfont!
Missing character: There is no 得 in font nullfont!
Missing character: There is no 的 in font nullfont!
Missing character: There is no 研 in font nullfont!
Missing character: There is no 究 in font nullfont!
Missing character: There is no 成 in font nullfont!
Missing character: There is no 果 in font nullfont!
Missing character: There is no 。 in font nullfont!
Missing character: There is no 除 in font nullfont!
Missing character: There is no 了 in font nullfont!
Missing character: There is no 文 in font nullfont!
Missing character: There is no 中 in font nullfont!
Missing character: There is no 特 in font nullfont!
Missing character: There is no 别 in font nullfont!
Missing character: There is no 加 in font nullfont!
Missing character: There is no 以 in font nullfont!
Missing character: There is no 标 in font nullfont!
Missing character: There is no 注 in font nullfont!
Missing character: There is no 和 in font nullfont!
Missing character: There is no 致 in font nullfont!
Missing character: There is no 谢 in font nullfont!
Missing character: There is no 的 in font nullfont!
Missing character: There is no 地 in font nullfont!
Missing character: There is no 方 in font nullfont!
Missing character: There is no 外 in font nullfont!
Missing character: There is no ， in font nullfont!
Missing character: There is no 论 in font nullfont!
Missing character: There is no 文 in font nullfont!
Missing character: There is no 中 in font nullfont!
Missing character: There is no 不 in font nullfont!
Missing character: There is no 包 in font nullfont!
Missing character: There is no 含 in font nullfont!
Missing character: There is no 其 in font nullfont!
Missing character: There is no 他 in font nullfont!
Missing character: There is no 人 in font nullfont!
Missing character: There is no 已 in font nullfont!
Missing character: There is no 经 in font nullfont!
Missing character: There is no 发 in font nullfont!
Missing character: There is no 表 in font nullfont!
Missing character: There is no 或 in font nullfont!
Missing character: There is no 撰 in font nullfont!
Missing character: There is no 写 in font nullfont!
Missing character: There is no 过 in font nullfont!
Missing character: There is no 的 in font nullfont!
Missing character: There is no 研 in font nullfont!
Missing character: There is no 究 in font nullfont!
Missing character: There is no 成 in font nullfont!
Missing character: There is no 果 in font nullfont!
Missing character: There is no ， in font nullfont!
Missing character: There is no 也 in font nullfont!
Missing character: There is no 不 in font nullfont!
Missing character: There is no 包 in font nullfont!
Missing character: There is no 含 in font nullfont!
Missing character: There is no 为 in font nullfont!
Missing character: There is no 获 in font nullfont!
Missing character: There is no 得 in font nullfont!
! Undefined control sequence.
l.16   也不包含为获得{\bfseries\kaishu
                               \zihao{4}\underline{~浙江大学~}}
The control sequence at the end of the top line
of your error message was never \def'ed. If you have
misspelled it (e.g., `\hobx'), type `I' and the correct
spelling (e.g., `I\hbox'). Otherwise just continue,
and I'll forget about whatever was undefined.

! Undefined control sequence.
l.16   也不包含为获得{\bfseries\kaishu\zihao
                                     {4}\underline{~浙江大学~}}
The control sequence at the end of the top line
of your error message was never \def'ed. If you have
misspelled it (e.g., `\hobx'), type `I' and the correct
spelling (e.g., `I\hbox'). Otherwise just continue,
and I'll forget about whatever was undefined.

LaTeX Font Info:    External font `cmex10' loaded for size
(Font)              <7> on input line 16.
LaTeX Font Info:    External font `cmex10' loaded for size
(Font)              <5> on input line 16.
Missing character: There is no 浙 in font [lmroman10-bold]:mapping=tex-text;!
Missing character: There is no 江 in font [lmroman10-bold]:mapping=tex-text;!
Missing character: There is no 大 in font [lmroman10-bold]:mapping=tex-text;!
Missing character: There is no 学 in font [lmroman10-bold]:mapping=tex-text;!
Missing character: There is no 或 in font nullfont!
Missing character: There is no 其 in font nullfont!
Missing character: There is no 他 in font nullfont!
Missing character: There is no 教 in font nullfont!
Missing character: There is no 育 in font nullfont!
Missing character: There is no 机 in font nullfont!
Missing character: There is no 构 in font nullfont!
Missing character: There is no 的 in font nullfont!
Missing character: There is no 学 in font nullfont!
Missing character: There is no 位 in font nullfont!
Missing character: There is no 或 in font nullfont!
Missing character: There is no 证 in font nullfont!
Missing character: There is no 书 in font nullfont!
Missing character: There is no 而 in font nullfont!
Missing character: There is no 使 in font nullfont!
Missing character: There is no 用 in font nullfont!
Missing character: There is no 过 in font nullfont!
Missing character: There is no 的 in font nullfont!
Missing character: There is no 材 in font nullfont!
Missing character: There is no 料 in font nullfont!
Missing character: There is no 。 in font nullfont!
Missing character: There is no 与 in font nullfont!
Missing character: There is no 我 in font nullfont!
Missing character: There is no 一 in font nullfont!
Missing character: There is no 同 in font nullfont!
Missing character: There is no 工 in font nullfont!
Missing character: There is no 作 in font nullfont!
Missing character: There is no 的 in font nullfont!
Missing character: There is no 同 in font nullfont!
Missing character: There is no 志 in font nullfont!
Missing character: There is no 对 in font nullfont!
Missing character: There is no 本 in font nullfont!
Missing character: There is no 研 in font nullfont!
Missing character: There is no 究 in font nullfont!
Missing character: There is no 所 in font nullfont!
Missing character: There is no 做 in font nullfont!
Missing character: There is no 的 in font nullfont!
Missing character: There is no 任 in font nullfont!
Missing character: There is no 何 in font nullfont!
Missing character: There is no 贡 in font nullfont!
Missing character: There is no 献 in font nullfont!
Missing character: There is no 均 in font nullfont!
Missing character: There is no 已 in font nullfont!
Missing character: There is no 在 in font nullfont!
Missing character: There is no 论 in font nullfont!
Missing character: There is no 文 in font nullfont!
Missing character: There is no 中 in font nullfont!
Missing character: There is no 作 in font nullfont!
Missing character: There is no 了 in font nullfont!
Missing character: There is no 明 in font nullfont!
Missing character: There is no 确 in font nullfont!
Missing character: There is no 的 in font nullfont!
Missing character: There is no 说 in font nullfont!
Missing character: There is no 明 in font nullfont!
Missing character: There is no 并 in font nullfont!
Missing character: There is no 表 in font nullfont!
Missing character: There is no 示 in font nullfont!
Missing character: There is no 谢 in font nullfont!
Missing character: There is no 意 in font nullfont!
Missing character: There is no 。 in font nullfont!

Overfull \hbox (20.0pt too wide) in paragraph at lines 13--19
[]
 []


Overfull \hbox (24.61pt too wide) in paragraph at lines 13--19
\TU/lmr/bx/n/10 4$[]$
 []

! Undefined control sequence.
l.23   {\songti
               \zihao{-4}学位论文作者签名：
The control sequence at the end of the top line
of your error message was never \def'ed. If you have
misspelled it (e.g., `\hobx'), type `I' and the correct
spelling (e.g., `I\hbox'). Otherwise just continue,
and I'll forget about whatever was undefined.

! Undefined control sequence.
l.23   {\songti\zihao
                     {-4}学位论文作者签名：
The control sequence at the end of the top line
of your error message was never \def'ed. If you have
misspelled it (e.g., `\hobx'), type `I' and the correct
spelling (e.g., `I\hbox'). Otherwise just continue,
and I'll forget about whatever was undefined.

Missing character: There is no - in font nullfont!
Missing character: There is no 4 in font nullfont!
Missing character: There is no 学 in font nullfont!
Missing character: There is no 位 in font nullfont!
Missing character: There is no 论 in font nullfont!
Missing character: There is no 文 in font nullfont!
Missing character: There is no 作 in font nullfont!
Missing character: There is no 者 in font nullfont!
Missing character: There is no 签 in font nullfont!
Missing character: There is no 名 in font nullfont!
Missing character: There is no ： in font nullfont!
! Undefined control sequence.
l.24   \ifpdf
             
The control sequence at the end of the top line
of your error message was never \def'ed. If you have
misspelled it (e.g., `\hobx'), type `I' and the correct
spelling (e.g., `I\hbox'). Otherwise just continue,
and I'll forget about whatever was undefined.

! Undefined control sequence.
l.25   {\hbox to 8em{\includegraphics
                                     [width=6em,height=3em]{./Signature/sign...
The control sequence at the end of the top line
of your error message was never \def'ed. If you have
misspelled it (e.g., `\hobx'), type `I' and the correct
spelling (e.g., `I\hbox'). Otherwise just continue,
and I'll forget about whatever was undefined.

Missing character: There is no [ in font nullfont!
Missing character: There is no w in font nullfont!
Missing character: There is no i in font nullfont!
Missing character: There is no d in font nullfont!
Missing character: There is no t in font nullfont!
Missing character: There is no h in font nullfont!
Missing character: There is no = in font nullfont!
Missing character: There is no 6 in font nullfont!
Missing character: There is no e in font nullfont!
Missing character: There is no m in font nullfont!
Missing character: There is no , in font nullfont!
Missing character: There is no h in font nullfont!
Missing character: There is no e in font nullfont!
Missing character: There is no i in font nullfont!
Missing character: There is no g in font nullfont!
Missing character: There is no h in font nullfont!
Missing character: There is no t in font nullfont!
Missing character: There is no = in font nullfont!
Missing character: There is no 3 in font nullfont!
Missing character: There is no e in font nullfont!
Missing character: There is no m in font nullfont!
Missing character: There is no ] in font nullfont!
Missing character: There is no . in font nullfont!
Missing character: There is no / in font nullfont!
Missing character: There is no S in font nullfont!
Missing character: There is no i in font nullfont!
Missing character: There is no g in font nullfont!
Missing character: There is no n in font nullfont!
Missing character: There is no a in font nullfont!
Missing character: There is no t in font nullfont!
Missing character: There is no u in font nullfont!
Missing character: There is no r in font nullfont!
Missing character: There is no e in font nullfont!
Missing character: There is no / in font nullfont!
Missing character: There is no s in font nullfont!
Missing character: There is no i in font nullfont!
Missing character: There is no g in font nullfont!
Missing character: There is no n in font nullfont!
! Missing $ inserted.
<inserted text> 
                $
l.25 ...cs[width=6em,height=3em]{./Signature/sign_
                                                  cr_1.pdf}}}
I've inserted a begin-math/end-math symbol since I think
you left one out. Proceed, with fingers crossed.

! Extra }, or forgotten $.
l.25 ...6em,height=3em]{./Signature/sign_cr_1.pdf}
                                                  }}
I've deleted a group-closing symbol because it seems to be
spurious, as in `$x}$'. But perhaps the } is legitimate and
you forgot something else, as in `\hbox{$x}'. In such cases
the way to recover is to insert both the forgotten and the
deleted material, e.g., by typing `I$}'.

! Extra }, or forgotten $.
l.25 ...em,height=3em]{./Signature/sign_cr_1.pdf}}
                                                  }
I've deleted a group-closing symbol because it seems to be
spurious, as in `$x}$'. But perhaps the } is legitimate and
you forgot something else, as in `\hbox{$x}'. In such cases
the way to recover is to insert both the forgotten and the
deleted material, e.g., by typing `I$}'.

! Extra }, or forgotten $.
l.25 ...m,height=3em]{./Signature/sign_cr_1.pdf}}}
                                                  
I've deleted a group-closing symbol because it seems to be
spurious, as in `$x}$'. But perhaps the } is legitimate and
you forgot something else, as in `\hbox{$x}'. In such cases
the way to recover is to insert both the forgotten and the
deleted material, e.g., by typing `I$}'.

! Extra \else.
l.26   \else
            
I'm ignoring this; it doesn't match any \if.

! Undefined control sequence.
l.27   {\hbox to 8em{\includegraphics
                                     [width=6em,height=3em]{./Signature/sign...
The control sequence at the end of the top line
of your error message was never \def'ed. If you have
misspelled it (e.g., `\hobx'), type `I' and the correct
spelling (e.g., `I\hbox'). Otherwise just continue,
and I'll forget about whatever was undefined.

Missing character: There is no [ in font nullfont!
Missing character: There is no w in font nullfont!
Missing character: There is no i in font nullfont!
Missing character: There is no d in font nullfont!
Missing character: There is no t in font nullfont!
Missing character: There is no h in font nullfont!
Missing character: There is no = in font nullfont!
Missing character: There is no 6 in font nullfont!
Missing character: There is no e in font nullfont!
Missing character: There is no m in font nullfont!
Missing character: There is no , in font nullfont!
Missing character: There is no h in font nullfont!
Missing character: There is no e in font nullfont!
Missing character: There is no i in font nullfont!
Missing character: There is no g in font nullfont!
Missing character: There is no h in font nullfont!
Missing character: There is no t in font nullfont!
Missing character: There is no = in font nullfont!
Missing character: There is no 3 in font nullfont!
Missing character: There is no e in font nullfont!
Missing character: There is no m in font nullfont!
Missing character: There is no ] in font nullfont!
Missing character: There is no . in font nullfont!
Missing character: There is no / in font nullfont!
Missing character: There is no S in font nullfont!
Missing character: There is no i in font nullfont!
Missing character: There is no g in font nullfont!
Missing character: There is no n in font nullfont!
Missing character: There is no a in font nullfont!
Missing character: There is no t in font nullfont!
Missing character: There is no u in font nullfont!
Missing character: There is no r in font nullfont!
Missing character: There is no e in font nullfont!
Missing character: There is no / in font nullfont!
Missing character: There is no s in font nullfont!
Missing character: There is no i in font nullfont!
Missing character: There is no g in font nullfont!
Missing character: There is no n in font nullfont!
! Missing $ inserted.
<inserted text> 
                $
l.27 ...cs[width=6em,height=3em]{./Signature/sign_
                                                  cr_1.eps}}}
I've inserted a begin-math/end-math symbol since I think
you left one out. Proceed, with fingers crossed.

! Extra }, or forgotten $.
l.27 ...6em,height=3em]{./Signature/sign_cr_1.eps}
                                                  }}
I've deleted a group-closing symbol because it seems to be
spurious, as in `$x}$'. But perhaps the } is legitimate and
you forgot something else, as in `\hbox{$x}'. In such cases
the way to recover is to insert both the forgotten and the
deleted material, e.g., by typing `I$}'.

! Extra }, or forgotten $.
l.27 ...em,height=3em]{./Signature/sign_cr_1.eps}}
                                                  }
I've deleted a group-closing symbol because it seems to be
spurious, as in `$x}$'. But perhaps the } is legitimate and
you forgot something else, as in `\hbox{$x}'. In such cases
the way to recover is to insert both the forgotten and the
deleted material, e.g., by typing `I$}'.

! Extra }, or forgotten $.
l.27 ...m,height=3em]{./Signature/sign_cr_1.eps}}}
                                                  
I've deleted a group-closing symbol because it seems to be
spurious, as in `$x}$'. But perhaps the } is legitimate and
you forgot something else, as in `\hbox{$x}'. In such cases
the way to recover is to insert both the forgotten and the
deleted material, e.g., by typing `I$}'.

! Extra \fi.
l.28   \fi
          
I'm ignoring this; it doesn't match any \if.

! Undefined control sequence.
l.29   \PutsigndateA
                    }
The control sequence at the end of the top line
of your error message was never \def'ed. If you have
misspelled it (e.g., `\hobx'), type `I' and the correct
spelling (e.g., `I\hbox'). Otherwise just continue,
and I'll forget about whatever was undefined.

! Extra }, or forgotten $.
l.29   \PutsigndateA}
                     
I've deleted a group-closing symbol because it seems to be
spurious, as in `$x}$'. But perhaps the } is legitimate and
you forgot something else, as in `\hbox{$x}'. In such cases
the way to recover is to insert both the forgotten and the
deleted material, e.g., by typing `I$}'.

! Missing $ inserted.
<inserted text> 
                $
l.30 
     
I've inserted a begin-math/end-math symbol since I think
you left one out. Proceed, with fingers crossed.


! LaTeX Error: Something's wrong--perhaps a missing \item.

See the LaTeX manual or LaTeX Companion for explanation.
Type  H <return>  for immediate help.
 ...                                              
                                                  
l.33   \begin{center}
                     
Try typing  <return>  to proceed.
If that doesn't work, type  X <return>  to quit.


! LaTeX Error: Something's wrong--perhaps a missing \item.

See the LaTeX manual or LaTeX Companion for explanation.
Type  H <return>  for immediate help.
 ...                                              
                                                  
l.33   \begin{center}
                     
Try typing  <return>  to proceed.
If that doesn't work, type  X <return>  to quit.


! LaTeX Error: Something's wrong--perhaps a missing \item.

See the LaTeX manual or LaTeX Companion for explanation.
Type  H <return>  for immediate help.
 ...                                              
                                                  
l.33   \begin{center}
                     
Try typing  <return>  to proceed.
If that doesn't work, type  X <return>  to quit.

! Undefined control sequence.
l.34     {\noindent\songti
                          \zihao{-2}学位论文版权使用授权书}
The control sequence at the end of the top line
of your error message was never \def'ed. If you have
misspelled it (e.g., `\hobx'), type `I' and the correct
spelling (e.g., `I\hbox'). Otherwise just continue,
and I'll forget about whatever was undefined.

! Undefined control sequence.
l.34     {\noindent\songti\zihao
                                {-2}学位论文版权使用授权书}
The control sequence at the end of the top line
of your error message was never \def'ed. If you have
misspelled it (e.g., `\hobx'), type `I' and the correct
spelling (e.g., `I\hbox'). Otherwise just continue,
and I'll forget about whatever was undefined.

Missing character: There is no - in font nullfont!
Missing character: There is no 2 in font nullfont!
Missing character: There is no 学 in font nullfont!
Missing character: There is no 位 in font nullfont!
Missing character: There is no 论 in font nullfont!
Missing character: There is no 文 in font nullfont!
Missing character: There is no 版 in font nullfont!
Missing character: There is no 权 in font nullfont!
Missing character: There is no 使 in font nullfont!
Missing character: There is no 用 in font nullfont!
Missing character: There is no 授 in font nullfont!
Missing character: There is no 权 in font nullfont!
Missing character: There is no 书 in font nullfont!

! LaTeX Error: Something's wrong--perhaps a missing \item.

See the LaTeX manual or LaTeX Companion for explanation.
Type  H <return>  for immediate help.
 ...                                              
                                                  
l.35   \end{center}
                   
Try typing  <return>  to proceed.
If that doesn't work, type  X <return>  to quit.


! LaTeX Error: Something's wrong--perhaps a missing \item.

See the LaTeX manual or LaTeX Companion for explanation.
Type  H <return>  for immediate help.
 ...                                              
                                                  
l.35   \end{center}
                   
Try typing  <return>  to proceed.
If that doesn't work, type  X <return>  to quit.


! LaTeX Error: Something's wrong--perhaps a missing \item.

See the LaTeX manual or LaTeX Companion for explanation.
Type  H <return>  for immediate help.
 ...                                              
                                                  
l.35   \end{center}
                   
Try typing  <return>  to proceed.
If that doesn't work, type  X <return>  to quit.

Missing character: There is no 本 in font nullfont!
Missing character: There is no 学 in font nullfont!
Missing character: There is no 位 in font nullfont!
Missing character: There is no 论 in font nullfont!
Missing character: There is no 文 in font nullfont!
Missing character: There is no 作 in font nullfont!
Missing character: There is no 者 in font nullfont!
Missing character: There is no 完 in font nullfont!
Missing character: There is no 全 in font nullfont!
Missing character: There is no 了 in font nullfont!
Missing character: There is no 解 in font nullfont!
! Undefined control sequence.
l.37   本学位论文作者完全了解{\bfseries\kaishu
                                   \zihao{4}\underline{~浙江大学~}}
The control sequence at the end of the top line
of your error message was never \def'ed. If you have
misspelled it (e.g., `\hobx'), type `I' and the correct
spelling (e.g., `I\hbox'). Otherwise just continue,
and I'll forget about whatever was undefined.

! Undefined control sequence.
l.37   本学位论文作者完全了解{\bfseries\kaishu\zihao
                                         {4}\underline{~浙江大学~}}
The control sequence at the end of the top line
of your error message was never \def'ed. If you have
misspelled it (e.g., `\hobx'), type `I' and the correct
spelling (e.g., `I\hbox'). Otherwise just continue,
and I'll forget about whatever was undefined.

Missing character: There is no 浙 in font [lmroman10-bold]:mapping=tex-text;!
Missing character: There is no 江 in font [lmroman10-bold]:mapping=tex-text;!
Missing character: There is no 大 in font [lmroman10-bold]:mapping=tex-text;!
Missing character: There is no 学 in font [lmroman10-bold]:mapping=tex-text;!
Missing character: There is no 有 in font nullfont!
Missing character: There is no 权 in font nullfont!
Missing character: There is no 保 in font nullfont!
Missing character: There is no 留 in font nullfont!
Missing character: There is no 并 in font nullfont!
Missing character: There is no 向 in font nullfont!
Missing character: There is no 国 in font nullfont!
Missing character: There is no 家 in font nullfont!
Missing character: There is no 有 in font nullfont!
Missing character: There is no 关 in font nullfont!
Missing character: There is no 部 in font nullfont!
Missing character: There is no 门 in font nullfont!
Missing character: There is no 或 in font nullfont!
Missing character: There is no 机 in font nullfont!
Missing character: There is no 构 in font nullfont!
Missing character: There is no 送 in font nullfont!
Missing character: There is no 交 in font nullfont!
Missing character: There is no 本 in font nullfont!
Missing character: There is no 论 in font nullfont!
Missing character: There is no 文 in font nullfont!
Missing character: There is no 的 in font nullfont!
Missing character: There is no 复 in font nullfont!
Missing character: There is no 印 in font nullfont!
Missing character: There is no 件 in font nullfont!
Missing character: There is no 和 in font nullfont!
Missing character: There is no 磁 in font nullfont!
Missing character: There is no 盘 in font nullfont!
Missing character: There is no ， in font nullfont!
Missing character: There is no 允 in font nullfont!
Missing character: There is no 许 in font nullfont!
Missing character: There is no 论 in font nullfont!
Missing character: There is no 文 in font nullfont!
Missing character: There is no 被 in font nullfont!
Missing character: There is no 查 in font nullfont!
Missing character: There is no 阅 in font nullfont!
Missing character: There is no 和 in font nullfont!
Missing character: There is no 借 in font nullfont!
Missing character: There is no 阅 in font nullfont!
Missing character: There is no 。 in font nullfont!
Missing character: There is no 本 in font nullfont!
Missing character: There is no 人 in font nullfont!
Missing character: There is no 授 in font nullfont!
Missing character: There is no 权 in font nullfont!
! Undefined control sequence.
l.39   本人授权{\bfseries\kaishu
                            \zihao{4}\underline{~浙江大学~}}可以将学位论文的全部或部分内容编入有关数...
The control sequence at the end of the top line
of your error message was never \def'ed. If you have
misspelled it (e.g., `\hobx'), type `I' and the correct
spelling (e.g., `I\hbox'). Otherwise just continue,
and I'll forget about whatever was undefined.

! Undefined control sequence.
l.39   本人授权{\bfseries\kaishu\zihao
                                  {4}\underline{~浙江大学~}}可以将学位论文的全部或部分内容编入有关数...
The control sequence at the end of the top line
of your error message was never \def'ed. If you have
misspelled it (e.g., `\hobx'), type `I' and the correct
spelling (e.g., `I\hbox'). Otherwise just continue,
and I'll forget about whatever was undefined.

Missing character: There is no 浙 in font [lmroman10-bold]:mapping=tex-text;!
Missing character: There is no 江 in font [lmroman10-bold]:mapping=tex-text;!
Missing character: There is no 大 in font [lmroman10-bold]:mapping=tex-text;!
Missing character: There is no 学 in font [lmroman10-bold]:mapping=tex-text;!
Missing character: There is no 可 in font nullfont!
Missing character: There is no 以 in font nullfont!
Missing character: There is no 将 in font nullfont!
Missing character: There is no 学 in font nullfont!
Missing character: There is no 位 in font nullfont!
Missing character: There is no 论 in font nullfont!
Missing character: There is no 文 in font nullfont!
Missing character: There is no 的 in font nullfont!
Missing character: There is no 全 in font nullfont!
Missing character: There is no 部 in font nullfont!
Missing character: There is no 或 in font nullfont!
Missing character: There is no 部 in font nullfont!
Missing character: There is no 分 in font nullfont!
Missing character: There is no 内 in font nullfont!
Missing character: There is no 容 in font nullfont!
Missing character: There is no 编 in font nullfont!
Missing character: There is no 入 in font nullfont!
Missing character: There is no 有 in font nullfont!
Missing character: There is no 关 in font nullfont!
Missing character: There is no 数 in font nullfont!
Missing character: There is no 据 in font nullfont!
Missing character: There is no 库 in font nullfont!
Missing character: There is no 进 in font nullfont!
Missing character: There is no 行 in font nullfont!
Missing character: There is no 检 in font nullfont!
Missing character: There is no 索 in font nullfont!
Missing character: There is no 和 in font nullfont!
Missing character: There is no 传 in font nullfont!
Missing character: There is no 播 in font nullfont!
Missing character: There is no ， in font nullfont!
Missing character: There is no 可 in font nullfont!
Missing character: There is no 以 in font nullfont!
Missing character: There is no 采 in font nullfont!
Missing character: There is no 用 in font nullfont!
Missing character: There is no 影 in font nullfont!
Missing character: There is no 印 in font nullfont!
Missing character: There is no 、 in font nullfont!
Missing character: There is no 缩 in font nullfont!
Missing character: There is no 印 in font nullfont!
Missing character: There is no 或 in font nullfont!
Missing character: There is no 扫 in font nullfont!
Missing character: There is no 描 in font nullfont!
Missing character: There is no 等 in font nullfont!
Missing character: There is no 复 in font nullfont!
Missing character: There is no 制 in font nullfont!
Missing character: There is no 手 in font nullfont!
Missing character: There is no 段 in font nullfont!
Missing character: There is no 保 in font nullfont!
Missing character: There is no 存 in font nullfont!
Missing character: There is no 、 in font nullfont!
Missing character: There is no 汇 in font nullfont!
Missing character: There is no 编 in font nullfont!
Missing character: There is no 学 in font nullfont!
Missing character: There is no 位 in font nullfont!
Missing character: There is no 论 in font nullfont!
Missing character: There is no 文 in font nullfont!
Missing character: There is no 。 in font nullfont!
Missing character: There is no （ in font nullfont!
Missing character: There is no 保 in font nullfont!
Missing character: There is no 密 in font nullfont!
Missing character: There is no 的 in font nullfont!
Missing character: There is no 学 in font nullfont!
Missing character: There is no 位 in font nullfont!
Missing character: There is no 论 in font nullfont!
Missing character: There is no 文 in font nullfont!
Missing character: There is no 在 in font nullfont!
Missing character: There is no 解 in font nullfont!
Missing character: There is no 密 in font nullfont!
Missing character: There is no 后 in font nullfont!
Missing character: There is no 适 in font nullfont!
Missing character: There is no 用 in font nullfont!
Missing character: There is no 本 in font nullfont!
Missing character: There is no 授 in font nullfont!
Missing character: There is no 权 in font nullfont!
Missing character: There is no 书 in font nullfont!
Missing character: There is no ） in font nullfont!
Missing character: There is no 学 in font nullfont!
Missing character: There is no 位 in font nullfont!
Missing character: There is no 论 in font nullfont!
Missing character: There is no 文 in font nullfont!
Missing character: There is no 作 in font nullfont!
Missing character: There is no 者 in font nullfont!
Missing character: There is no 签 in font nullfont!
Missing character: There is no 名 in font nullfont!
Missing character: There is no ： in font nullfont!
! Undefined control sequence.
l.47   \ifpdf
             
The control sequence at the end of the top line
of your error message was never \def'ed. If you have
misspelled it (e.g., `\hobx'), type `I' and the correct
spelling (e.g., `I\hbox'). Otherwise just continue,
and I'll forget about whatever was undefined.

! Undefined control sequence.
l.48   {\hbox to 9em{\includegraphics
                                     [width=6em,height=3em]{./Signature/sign...
The control sequence at the end of the top line
of your error message was never \def'ed. If you have
misspelled it (e.g., `\hobx'), type `I' and the correct
spelling (e.g., `I\hbox'). Otherwise just continue,
and I'll forget about whatever was undefined.

Missing character: There is no [ in font nullfont!
Missing character: There is no w in font nullfont!
Missing character: There is no i in font nullfont!
Missing character: There is no d in font nullfont!
Missing character: There is no t in font nullfont!
Missing character: There is no h in font nullfont!
Missing character: There is no = in font nullfont!
Missing character: There is no 6 in font nullfont!
Missing character: There is no e in font nullfont!
Missing character: There is no m in font nullfont!
Missing character: There is no , in font nullfont!
Missing character: There is no h in font nullfont!
Missing character: There is no e in font nullfont!
Missing character: There is no i in font nullfont!
Missing character: There is no g in font nullfont!
Missing character: There is no h in font nullfont!
Missing character: There is no t in font nullfont!
Missing character: There is no = in font nullfont!
Missing character: There is no 3 in font nullfont!
Missing character: There is no e in font nullfont!
Missing character: There is no m in font nullfont!
Missing character: There is no ] in font nullfont!
Missing character: There is no . in font nullfont!
Missing character: There is no / in font nullfont!
Missing character: There is no S in font nullfont!
Missing character: There is no i in font nullfont!
Missing character: There is no g in font nullfont!
Missing character: There is no n in font nullfont!
Missing character: There is no a in font nullfont!
Missing character: There is no t in font nullfont!
Missing character: There is no u in font nullfont!
Missing character: There is no r in font nullfont!
Missing character: There is no e in font nullfont!
Missing character: There is no / in font nullfont!
Missing character: There is no s in font nullfont!
Missing character: There is no i in font nullfont!
Missing character: There is no g in font nullfont!
Missing character: There is no n in font nullfont!
! Missing $ inserted.
<inserted text> 
                $
l.48 ...cs[width=6em,height=3em]{./Signature/sign_
                                                  cr_2.pdf}}}
I've inserted a begin-math/end-math symbol since I think
you left one out. Proceed, with fingers crossed.

! Extra }, or forgotten $.
l.48 ...6em,height=3em]{./Signature/sign_cr_2.pdf}
                                                  }}
I've deleted a group-closing symbol because it seems to be
spurious, as in `$x}$'. But perhaps the } is legitimate and
you forgot something else, as in `\hbox{$x}'. In such cases
the way to recover is to insert both the forgotten and the
deleted material, e.g., by typing `I$}'.

! Extra }, or forgotten $.
l.48 ...em,height=3em]{./Signature/sign_cr_2.pdf}}
                                                  }
I've deleted a group-closing symbol because it seems to be
spurious, as in `$x}$'. But perhaps the } is legitimate and
you forgot something else, as in `\hbox{$x}'. In such cases
the way to recover is to insert both the forgotten and the
deleted material, e.g., by typing `I$}'.

! Extra }, or forgotten $.
l.48 ...m,height=3em]{./Signature/sign_cr_2.pdf}}}
                                                  
I've deleted a group-closing symbol because it seems to be
spurious, as in `$x}$'. But perhaps the } is legitimate and
you forgot something else, as in `\hbox{$x}'. In such cases
the way to recover is to insert both the forgotten and the
deleted material, e.g., by typing `I$}'.

! Extra \else.
l.49   \else
            
I'm ignoring this; it doesn't match any \if.

! Undefined control sequence.
l.50   {\hbox to 9em{\includegraphics
                                     [width=6em,height=3em]{./Signature/sign...
The control sequence at the end of the top line
of your error message was never \def'ed. If you have
misspelled it (e.g., `\hobx'), type `I' and the correct
spelling (e.g., `I\hbox'). Otherwise just continue,
and I'll forget about whatever was undefined.

Missing character: There is no [ in font nullfont!
Missing character: There is no w in font nullfont!
Missing character: There is no i in font nullfont!
Missing character: There is no d in font nullfont!
Missing character: There is no t in font nullfont!
Missing character: There is no h in font nullfont!
Missing character: There is no = in font nullfont!
Missing character: There is no 6 in font nullfont!
Missing character: There is no e in font nullfont!
Missing character: There is no m in font nullfont!
Missing character: There is no , in font nullfont!
Missing character: There is no h in font nullfont!
Missing character: There is no e in font nullfont!
Missing character: There is no i in font nullfont!
Missing character: There is no g in font nullfont!
Missing character: There is no h in font nullfont!
Missing character: There is no t in font nullfont!
Missing character: There is no = in font nullfont!
Missing character: There is no 3 in font nullfont!
Missing character: There is no e in font nullfont!
Missing character: There is no m in font nullfont!
Missing character: There is no ] in font nullfont!
Missing character: There is no . in font nullfont!
Missing character: There is no / in font nullfont!
Missing character: There is no S in font nullfont!
Missing character: There is no i in font nullfont!
Missing character: There is no g in font nullfont!
Missing character: There is no n in font nullfont!
Missing character: There is no a in font nullfont!
Missing character: There is no t in font nullfont!
Missing character: There is no u in font nullfont!
Missing character: There is no r in font nullfont!
Missing character: There is no e in font nullfont!
Missing character: There is no / in font nullfont!
Missing character: There is no s in font nullfont!
Missing character: There is no i in font nullfont!
Missing character: There is no g in font nullfont!
Missing character: There is no n in font nullfont!
! Missing $ inserted.
<inserted text> 
                $
l.50 ...cs[width=6em,height=3em]{./Signature/sign_
                                                  cr_2.eps}}}
I've inserted a begin-math/end-math symbol since I think
you left one out. Proceed, with fingers crossed.

! Extra }, or forgotten $.
l.50 ...6em,height=3em]{./Signature/sign_cr_2.eps}
                                                  }}
I've deleted a group-closing symbol because it seems to be
spurious, as in `$x}$'. But perhaps the } is legitimate and
you forgot something else, as in `\hbox{$x}'. In such cases
the way to recover is to insert both the forgotten and the
deleted material, e.g., by typing `I$}'.

! Extra }, or forgotten $.
l.50 ...em,height=3em]{./Signature/sign_cr_2.eps}}
                                                  }
I've deleted a group-closing symbol because it seems to be
spurious, as in `$x}$'. But perhaps the } is legitimate and
you forgot something else, as in `\hbox{$x}'. In such cases
the way to recover is to insert both the forgotten and the
deleted material, e.g., by typing `I$}'.

! Extra }, or forgotten $.
l.50 ...m,height=3em]{./Signature/sign_cr_2.eps}}}
                                                  
I've deleted a group-closing symbol because it seems to be
spurious, as in `$x}$'. But perhaps the } is legitimate and
you forgot something else, as in `\hbox{$x}'. In such cases
the way to recover is to insert both the forgotten and the
deleted material, e.g., by typing `I$}'.

! Extra \fi.
l.51   \fi
          
I'm ignoring this; it doesn't match any \if.

! Undefined control sequence.
l.53   \ifpdf
             
The control sequence at the end of the top line
of your error message was never \def'ed. If you have
misspelled it (e.g., `\hobx'), type `I' and the correct
spelling (e.g., `I\hbox'). Otherwise just continue,
and I'll forget about whatever was undefined.

! Undefined control sequence.
l.54   {\hbox to 9em{\includegraphics
                                     [width=6em,height=3em]{./Signature/sign...
The control sequence at the end of the top line
of your error message was never \def'ed. If you have
misspelled it (e.g., `\hobx'), type `I' and the correct
spelling (e.g., `I\hbox'). Otherwise just continue,
and I'll forget about whatever was undefined.

Missing character: There is no [ in font nullfont!
Missing character: There is no w in font nullfont!
Missing character: There is no i in font nullfont!
Missing character: There is no d in font nullfont!
Missing character: There is no t in font nullfont!
Missing character: There is no h in font nullfont!
Missing character: There is no = in font nullfont!
Missing character: There is no 6 in font nullfont!
Missing character: There is no e in font nullfont!
Missing character: There is no m in font nullfont!
Missing character: There is no , in font nullfont!
Missing character: There is no h in font nullfont!
Missing character: There is no e in font nullfont!
Missing character: There is no i in font nullfont!
Missing character: There is no g in font nullfont!
Missing character: There is no h in font nullfont!
Missing character: There is no t in font nullfont!
Missing character: There is no = in font nullfont!
Missing character: There is no 3 in font nullfont!
Missing character: There is no e in font nullfont!
Missing character: There is no m in font nullfont!
Missing character: There is no ] in font nullfont!
Missing character: There is no . in font nullfont!
Missing character: There is no / in font nullfont!
Missing character: There is no S in font nullfont!
Missing character: There is no i in font nullfont!
Missing character: There is no g in font nullfont!
Missing character: There is no n in font nullfont!
Missing character: There is no a in font nullfont!
Missing character: There is no t in font nullfont!
Missing character: There is no u in font nullfont!
Missing character: There is no r in font nullfont!
Missing character: There is no e in font nullfont!
Missing character: There is no / in font nullfont!
Missing character: There is no s in font nullfont!
Missing character: There is no i in font nullfont!
Missing character: There is no g in font nullfont!
Missing character: There is no n in font nullfont!
! Missing $ inserted.
<inserted text> 
                $
l.54 ...cs[width=6em,height=3em]{./Signature/sign_
                                                  cr_s.pdf}}}
I've inserted a begin-math/end-math symbol since I think
you left one out. Proceed, with fingers crossed.

! Extra }, or forgotten $.
l.54 ...6em,height=3em]{./Signature/sign_cr_s.pdf}
                                                  }}
I've deleted a group-closing symbol because it seems to be
spurious, as in `$x}$'. But perhaps the } is legitimate and
you forgot something else, as in `\hbox{$x}'. In such cases
the way to recover is to insert both the forgotten and the
deleted material, e.g., by typing `I$}'.

! Extra }, or forgotten $.
l.54 ...em,height=3em]{./Signature/sign_cr_s.pdf}}
                                                  }
I've deleted a group-closing symbol because it seems to be
spurious, as in `$x}$'. But perhaps the } is legitimate and
you forgot something else, as in `\hbox{$x}'. In such cases
the way to recover is to insert both the forgotten and the
deleted material, e.g., by typing `I$}'.

! Extra }, or forgotten $.
l.54 ...m,height=3em]{./Signature/sign_cr_s.pdf}}}
                                                  
I've deleted a group-closing symbol because it seems to be
spurious, as in `$x}$'. But perhaps the } is legitimate and
you forgot something else, as in `\hbox{$x}'. In such cases
the way to recover is to insert both the forgotten and the
deleted material, e.g., by typing `I$}'.

! Extra \else.
l.55   \else
            
I'm ignoring this; it doesn't match any \if.

! Undefined control sequence.
l.56   {\hbox to 9em{\includegraphics
                                     [width=13em,height=4.6em]{./Signature/s...
The control sequence at the end of the top line
of your error message was never \def'ed. If you have
misspelled it (e.g., `\hobx'), type `I' and the correct
spelling (e.g., `I\hbox'). Otherwise just continue,
and I'll forget about whatever was undefined.

Missing character: There is no [ in font nullfont!
Missing character: There is no w in font nullfont!
Missing character: There is no i in font nullfont!
Missing character: There is no d in font nullfont!
Missing character: There is no t in font nullfont!
Missing character: There is no h in font nullfont!
Missing character: There is no = in font nullfont!
Missing character: There is no 1 in font nullfont!
Missing character: There is no 3 in font nullfont!
Missing character: There is no e in font nullfont!
Missing character: There is no m in font nullfont!
Missing character: There is no , in font nullfont!
Missing character: There is no h in font nullfont!
Missing character: There is no e in font nullfont!
Missing character: There is no i in font nullfont!
Missing character: There is no g in font nullfont!
Missing character: There is no h in font nullfont!
Missing character: There is no t in font nullfont!
Missing character: There is no = in font nullfont!
Missing character: There is no 4 in font nullfont!
Missing character: There is no . in font nullfont!
Missing character: There is no 6 in font nullfont!
Missing character: There is no e in font nullfont!
Missing character: There is no m in font nullfont!
Missing character: There is no ] in font nullfont!
Missing character: There is no . in font nullfont!
Missing character: There is no / in font nullfont!
Missing character: There is no S in font nullfont!
Missing character: There is no i in font nullfont!
Missing character: There is no g in font nullfont!
Missing character: There is no n in font nullfont!
Missing character: There is no a in font nullfont!
Missing character: There is no t in font nullfont!
Missing character: There is no u in font nullfont!
Missing character: There is no r in font nullfont!
Missing character: There is no e in font nullfont!
Missing character: There is no / in font nullfont!
Missing character: There is no s in font nullfont!
Missing character: There is no i in font nullfont!
Missing character: There is no g in font nullfont!
Missing character: There is no n in font nullfont!
! Missing $ inserted.
<inserted text> 
                $
l.56 ...width=13em,height=4.6em]{./Signature/sign_
                                                  cr_2.eps}}}
I've inserted a begin-math/end-math symbol since I think
you left one out. Proceed, with fingers crossed.

! Extra }, or forgotten $.
l.56 ...m,height=4.6em]{./Signature/sign_cr_2.eps}
                                                  }}
I've deleted a group-closing symbol because it seems to be
spurious, as in `$x}$'. But perhaps the } is legitimate and
you forgot something else, as in `\hbox{$x}'. In such cases
the way to recover is to insert both the forgotten and the
deleted material, e.g., by typing `I$}'.

! Extra }, or forgotten $.
l.56 ...,height=4.6em]{./Signature/sign_cr_2.eps}}
                                                  }
I've deleted a group-closing symbol because it seems to be
spurious, as in `$x}$'. But perhaps the } is legitimate and
you forgot something else, as in `\hbox{$x}'. In such cases
the way to recover is to insert both the forgotten and the
deleted material, e.g., by typing `I$}'.

! Extra }, or forgotten $.
l.56 ...height=4.6em]{./Signature/sign_cr_2.eps}}}
                                                  
I've deleted a group-closing symbol because it seems to be
spurious, as in `$x}$'. But perhaps the } is legitimate and
you forgot something else, as in `\hbox{$x}'. In such cases
the way to recover is to insert both the forgotten and the
deleted material, e.g., by typing `I$}'.

! Extra \fi.
l.57   \fi
          
I'm ignoring this; it doesn't match any \if.

! Missing $ inserted.
<inserted text> 
                $
l.58 
     
I've inserted a begin-math/end-math symbol since I think
you left one out. Proceed, with fingers crossed.

! Undefined control sequence.
l.61   \PutsigndateB
                    
The control sequence at the end of the top line
of your error message was never \def'ed. If you have
misspelled it (e.g., `\hobx'), type `I' and the correct
spelling (e.g., `I\hbox'). Otherwise just continue,
and I'll forget about whatever was undefined.

! Undefined control sequence.
l.63   \PutsigndateC
                    }
The control sequence at the end of the top line
of your error message was never \def'ed. If you have
misspelled it (e.g., `\hobx'), type `I' and the correct
spelling (e.g., `I\hbox'). Otherwise just continue,
and I'll forget about whatever was undefined.


Overfull \hbox (30.22426pt too wide) detected at line 64
$[]\OML/cmm/m/it/10 r[]:eps$[]    
 []

)
! Emergency stop.
<*> ./Copyright.tex
                   
*** (job aborted, no legal \end found)

 
Here is how much of TeX's memory you used:
 11 strings out of 427798
 173 string characters out of 3151797
 64035 words of memory out of 3000000
 4104 multiletter control sequences out of 15000+200000
 3648 words of font info for 15 fonts, out of 3000000 for 9000
 1328 hyphenation exceptions out of 8191
 19i,15n,13p,114b,130s stack positions out of 5000i,500n,10000p,200000b,50000s
No pages of output.
